{"level":"http","message":"➡ GET /","timestamp":"2025-08-19T03:43:07.760Z"}
{"level":"http","message":"➡ GET /pets","timestamp":"2025-08-19T03:43:07.817Z"}
{"level":"http","message":"➡ GET /favicon.ico","timestamp":"2025-08-19T03:43:08.928Z"}
{"level":"http","message":"➡ GET /pets/689c0116c2872799efbf9a53","timestamp":"2025-08-19T03:43:14.818Z"}
{"level":"http","message":"➡ POST /api/adoptions/689c0116c2872799efbf9a53","timestamp":"2025-08-19T03:43:18.079Z"}
{"level":"http","message":"➡ GET /pets?page=2&limit=12","timestamp":"2025-08-19T03:43:25.304Z"}
{"level":"http","message":"➡ GET /pets?page=1&limit=12","timestamp":"2025-08-19T03:43:27.726Z"}
{"level":"http","message":"➡ GET /pets?species=dog","timestamp":"2025-08-19T03:43:31.258Z"}
{"level":"http","message":"➡ GET /pets","timestamp":"2025-08-19T03:43:33.737Z"}
{"level":"http","message":"➡ GET /pets?adopted=true","timestamp":"2025-08-19T03:43:37.226Z"}
{"level":"http","message":"➡ GET /pets?adopted=false","timestamp":"2025-08-19T03:43:39.680Z"}
{"level":"http","message":"➡ GET /pets?species=other&adopted=false","timestamp":"2025-08-19T03:44:38.653Z"}
{"level":"http","message":"➡ GET /pets?species=other","timestamp":"2025-08-19T03:44:41.451Z"}
{"level":"http","message":"➡ GET /pets","timestamp":"2025-08-19T03:44:44.010Z"}
{"level":"http","message":"➡ GET /pets?species=other","timestamp":"2025-08-19T03:44:51.801Z"}
{"level":"http","message":"➡ GET /pets?species=other","timestamp":"2025-08-19T03:50:56.017Z"}
{"level":"http","message":"➡ GET /pets","timestamp":"2025-08-19T03:51:04.301Z"}
{"level":"http","message":"➡ GET /pets","timestamp":"2025-08-19T03:51:25.890Z"}
{"level":"http","message":"➡ GET /pets","timestamp":"2025-08-19T03:51:53.847Z"}
{"level":"http","message":"➡ GET /pets","timestamp":"2025-08-19T03:52:09.639Z"}
{"level":"http","message":"➡ GET /pets","timestamp":"2025-08-19T03:52:39.247Z"}
{"level":"http","message":"➡ GET /pets/689c0116c2872799efbf9a53","timestamp":"2025-08-19T03:52:42.484Z"}
{"level":"http","message":"➡ GET /pets","timestamp":"2025-08-19T03:52:46.986Z"}
{"level":"http","message":"➡ GET /pets","timestamp":"2025-08-19T03:53:20.747Z"}
{"level":"http","message":"➡ GET /pets/689c0116c2872799efbf9a53","timestamp":"2025-08-19T03:53:33.085Z"}
{"level":"http","message":"➡ POST /api/sessions/logout","timestamp":"2025-08-19T03:53:47.437Z"}
{"level":"http","message":"➡ GET /login","timestamp":"2025-08-19T03:53:47.457Z"}
{"level":"http","message":"➡ GET /pets","timestamp":"2025-08-19T03:53:50.156Z"}
{"level":"http","message":"➡ POST /api/sessions/logout","timestamp":"2025-08-19T03:53:52.684Z"}
{"level":"http","message":"➡ GET /login","timestamp":"2025-08-19T03:53:52.695Z"}
{"level":"http","message":"➡ GET /login","timestamp":"2025-08-19T03:54:19.705Z"}
{"level":"http","message":"➡ GET /login","timestamp":"2025-08-19T03:54:21.413Z"}
{"level":"http","message":"➡ GET /pets","timestamp":"2025-08-19T03:54:22.941Z"}
{"level":"http","message":"➡ GET /pets","timestamp":"2025-08-19T03:54:23.779Z"}
{"level":"http","message":"➡ GET /pets","timestamp":"2025-08-19T03:54:48.292Z"}
{"level":"http","message":"➡ GET /pets","timestamp":"2025-08-19T03:55:20.967Z"}
{"level":"http","message":"➡ GET /pets","timestamp":"2025-08-19T03:55:54.870Z"}
{"level":"http","message":"➡ GET /pets","timestamp":"2025-08-19T03:56:13.100Z"}
{"level":"http","message":"➡ GET /pets","timestamp":"2025-08-19T03:56:24.858Z"}
{"level":"http","message":"➡ GET /pets","timestamp":"2025-08-19T03:57:11.006Z"}
{"level":"http","message":"➡ GET /pets","timestamp":"2025-08-19T03:57:45.024Z"}
{"level":"http","message":"➡ GET /pets","timestamp":"2025-08-19T03:57:57.570Z"}
{"level":"http","message":"➡ GET /pets","timestamp":"2025-08-19T03:58:09.530Z"}
{"level":"http","message":"➡ GET /.well-known/appspecific/com.chrome.devtools.json","timestamp":"2025-08-19T03:59:52.929Z"}
{"level":"http","message":"➡ GET /pets?page=2&limit=12","timestamp":"2025-08-19T04:02:31.814Z"}
{"level":"http","message":"➡ GET /.well-known/appspecific/com.chrome.devtools.json","timestamp":"2025-08-19T04:02:31.860Z"}
{"level":"http","message":"➡ GET /pets?page=1&limit=12","timestamp":"2025-08-19T04:02:34.177Z"}
{"level":"http","message":"➡ GET /.well-known/appspecific/com.chrome.devtools.json","timestamp":"2025-08-19T04:02:34.216Z"}
{"level":"http","message":"➡ GET /pets?page=1&limit=12","timestamp":"2025-08-19T04:03:14.714Z"}
{"level":"http","message":"➡ GET /.well-known/appspecific/com.chrome.devtools.json","timestamp":"2025-08-19T04:03:14.738Z"}
{"level":"http","message":"➡ GET /pets?page=2&limit=12","timestamp":"2025-08-19T04:03:19.236Z"}
{"level":"http","message":"➡ GET /pets?page=1&limit=12","timestamp":"2025-08-19T04:03:20.696Z"}
{"level":"http","message":"➡ GET /pets/689c0116c2872799efbf9a53","timestamp":"2025-08-19T04:03:40.834Z"}
{"level":"http","message":"➡ GET /pets?page=1&limit=12","timestamp":"2025-08-19T04:04:42.679Z"}
{"level":"http","message":"➡ GET /pets?page=1&limit=12","timestamp":"2025-08-19T04:04:55.421Z"}
{"level":"http","message":"➡ GET /pets?page=1&limit=12","timestamp":"2025-08-19T04:05:23.441Z"}
{"level":"http","message":"➡ GET /pets?page=1&limit=12","timestamp":"2025-08-19T04:05:25.484Z"}
{"level":"http","message":"➡ GET /pets?page=1&limit=12","timestamp":"2025-08-19T04:05:48.308Z"}
{"level":"http","message":"➡ GET /pets/689c0116c2872799efbf9a53","timestamp":"2025-08-19T04:05:54.082Z"}
{"level":"http","message":"➡ GET /pets?page=1&limit=12","timestamp":"2025-08-19T04:06:20.751Z"}
{"level":"http","message":"➡ GET /pets?page=1&limit=12","timestamp":"2025-08-19T04:06:22.669Z"}
{"level":"http","message":"➡ GET /pets?page=1&limit=12","timestamp":"2025-08-19T04:06:33.797Z"}
{"level":"http","message":"➡ GET /pets?page=1&limit=12","timestamp":"2025-08-19T04:06:43.149Z"}
{"level":"http","message":"➡ GET /pets?page=1&limit=12","timestamp":"2025-08-19T04:07:02.908Z"}
{"level":"http","message":"➡ GET /pets?page=1&limit=12","timestamp":"2025-08-19T04:07:17.514Z"}
{"level":"http","message":"➡ GET /pets?page=1&limit=12","timestamp":"2025-08-19T04:07:25.444Z"}
{"level":"http","message":"➡ GET /pets?page=1&limit=12","timestamp":"2025-08-19T04:08:02.979Z"}
{"level":"http","message":"➡ GET /pets/689c0116c2872799efbf9a53","timestamp":"2025-08-19T04:08:11.149Z"}
{"level":"http","message":"➡ GET /pets?page=1&limit=12","timestamp":"2025-08-19T04:08:32.368Z"}
{"level":"http","message":"➡ GET /pets?page=1&limit=12","timestamp":"2025-08-19T04:08:47.225Z"}
{"level":"http","message":"➡ GET /pets?page=1&limit=12","timestamp":"2025-08-19T04:08:59.908Z"}
{"level":"http","message":"➡ GET /pets?page=1&limit=12","timestamp":"2025-08-19T04:09:07.986Z"}
{"level":"http","message":"➡ GET /pets?page=1&limit=12","timestamp":"2025-08-19T04:09:43.869Z"}
{"level":"http","message":"➡ GET /pets?page=1&limit=12","timestamp":"2025-08-19T04:10:13.299Z"}
{"level":"http","message":"➡ GET /pets?page=1&limit=12","timestamp":"2025-08-19T04:10:20.181Z"}
{"level":"http","message":"➡ GET /pets?page=1&limit=12","timestamp":"2025-08-19T04:10:27.524Z"}
{"level":"http","message":"➡ GET /pets?page=1&limit=12","timestamp":"2025-08-19T04:10:43.723Z"}
{"level":"http","message":"➡ GET /login","timestamp":"2025-08-19T04:19:49.608Z"}
{"level":"http","message":"➡ GET /register","timestamp":"2025-08-19T04:19:52.300Z"}
{"level":"http","message":"➡ GET /login","timestamp":"2025-08-19T04:20:01.576Z"}
{"level":"http","message":"➡ GET /auth/forgot","timestamp":"2025-08-19T04:20:02.435Z"}
{"level":"http","message":"➡ GET /login","timestamp":"2025-08-19T04:20:03.554Z"}
{"level":"http","message":"➡ GET /","timestamp":"2025-08-19T04:34:41.441Z"}
{"level":"http","message":"➡ GET /home","timestamp":"2025-08-19T04:34:41.453Z"}
{"level":"http","message":"➡ GET /api/sessions/current","timestamp":"2025-08-19T04:34:41.578Z"}
{"level":"http","message":"➡ GET /login","timestamp":"2025-08-19T04:34:59.104Z"}
{"level":"http","message":"➡ GET /api/sessions/current","timestamp":"2025-08-19T04:34:59.149Z"}
{"level":"http","message":"➡ POST /api/sessions/login","timestamp":"2025-08-19T04:35:12.478Z"}
{"level":"http","message":"➡ GET /auth/forgot","timestamp":"2025-08-19T04:35:15.068Z"}
{"level":"http","message":"➡ GET /api/sessions/current","timestamp":"2025-08-19T04:35:15.126Z"}
{"level":"http","message":"➡ POST /api/sessions/password/request","timestamp":"2025-08-19T04:35:17.101Z"}
{"level":"http","message":"➡ GET /auth/reset?token=eyJhbGciOiJIUzI1NiIsInR5cCI6IkpXVCJ9.eyJ1aWQiOiI2ODlhYTk0OGM2ZGFiMjE1YmU2MTI4YWIiLCJpYXQiOjE3NTU1NzgxMTcsImV4cCI6MTc1NTU4MTcxN30.DkWyMcmsNYJT7nKAS3EMLKLEFv6asPQTl75aHOoAjfg","timestamp":"2025-08-19T04:35:23.629Z"}
{"level":"http","message":"➡ GET /api/sessions/current","timestamp":"2025-08-19T04:35:23.673Z"}
{"level":"http","message":"➡ POST /api/sessions/password/reset","timestamp":"2025-08-19T04:35:30.355Z"}
{"level":"http","message":"➡ GET /login","timestamp":"2025-08-19T04:35:31.993Z"}
{"level":"http","message":"➡ GET /api/sessions/current","timestamp":"2025-08-19T04:35:32.035Z"}
{"level":"http","message":"➡ POST /api/sessions/login","timestamp":"2025-08-19T04:35:36.987Z"}
{"level":"http","message":"➡ GET /products","timestamp":"2025-08-19T04:35:37.062Z"}
{"level":"http","message":"➡ GET /.well-known/appspecific/com.chrome.devtools.json","timestamp":"2025-08-19T04:36:16.368Z"}
{"level":"http","message":"➡ GET /products","timestamp":"2025-08-19T04:39:27.596Z"}
{"level":"http","message":"➡ GET /.well-known/appspecific/com.chrome.devtools.json","timestamp":"2025-08-19T04:39:27.622Z"}
{"level":"http","message":"➡ GET /.well-known/appspecific/com.chrome.devtools.json","timestamp":"2025-08-19T04:39:28.762Z"}
{"level":"http","message":"➡ GET /.well-known/appspecific/com.chrome.devtools.json","timestamp":"2025-08-19T04:39:28.775Z"}
{"level":"http","message":"➡ POST /api/sessions/login","timestamp":"2025-08-19T04:39:30.765Z"}
{"level":"http","message":"➡ GET /products","timestamp":"2025-08-19T04:39:30.841Z"}
{"level":"http","message":"➡ GET /.well-known/appspecific/com.chrome.devtools.json","timestamp":"2025-08-19T04:39:30.870Z"}
{"level":"http","message":"➡ GET /","timestamp":"2025-08-19T04:39:44.504Z"}
{"level":"http","message":"➡ GET /home","timestamp":"2025-08-19T04:39:44.525Z"}
{"level":"http","message":"➡ GET /api/sessions/current","timestamp":"2025-08-19T04:39:44.645Z"}
{"level":"http","message":"➡ GET /home","timestamp":"2025-08-19T04:39:55.271Z"}
{"level":"http","message":"➡ GET /api/sessions/current","timestamp":"2025-08-19T04:39:55.343Z"}
{"level":"http","message":"➡ POST /api/sessions/logout","timestamp":"2025-08-19T04:40:49.049Z"}
{"level":"http","message":"➡ GET /login","timestamp":"2025-08-19T04:40:49.077Z"}
{"level":"http","message":"➡ GET /api/sessions/current","timestamp":"2025-08-19T04:40:49.113Z"}
{"level":"http","message":"➡ POST /api/sessions/login","timestamp":"2025-08-19T04:40:56.823Z"}
{"level":"http","message":"➡ GET /products","timestamp":"2025-08-19T04:40:56.898Z"}
{"level":"http","message":"➡ GET /login","timestamp":"2025-08-19T04:41:18.125Z"}
{"level":"http","message":"➡ GET /api/sessions/current","timestamp":"2025-08-19T04:41:18.189Z"}
{"level":"http","message":"➡ POST /api/sessions/login","timestamp":"2025-08-19T04:41:22.069Z"}
{"level":"http","message":"➡ GET /products","timestamp":"2025-08-19T04:41:22.143Z"}
{"level":"http","message":"➡ GET /","timestamp":"2025-08-19T04:41:35.683Z"}
{"level":"http","message":"➡ GET /home","timestamp":"2025-08-19T04:41:35.696Z"}
{"level":"http","message":"➡ GET /api/sessions/current","timestamp":"2025-08-19T04:41:35.813Z"}
{"level":"http","message":"➡ POST /api/sessions/logout","timestamp":"2025-08-19T04:41:36.947Z"}
{"level":"http","message":"➡ GET /login","timestamp":"2025-08-19T04:41:36.977Z"}
{"level":"http","message":"➡ GET /api/sessions/current","timestamp":"2025-08-19T04:41:37.021Z"}
{"level":"http","message":"➡ POST /api/sessions/login","timestamp":"2025-08-19T04:41:43.255Z"}
{"level":"http","message":"➡ GET /home","timestamp":"2025-08-19T04:41:43.336Z"}
{"level":"http","message":"➡ GET /api/sessions/current","timestamp":"2025-08-19T04:41:43.389Z"}
{"level":"http","message":"➡ GET /pets","timestamp":"2025-08-19T04:42:16.635Z"}
{"level":"http","message":"➡ GET /home","timestamp":"2025-08-19T04:42:18.674Z"}
{"level":"http","message":"➡ GET /api/sessions/current","timestamp":"2025-08-19T04:42:18.717Z"}
{"level":"http","message":"➡ GET /pets","timestamp":"2025-08-19T04:42:19.501Z"}
{"level":"http","message":"➡ GET /login","timestamp":"2025-08-19T04:42:20.826Z"}
{"level":"http","message":"➡ GET /api/sessions/current","timestamp":"2025-08-19T04:42:20.862Z"}
{"level":"http","message":"➡ POST /api/sessions/logout","timestamp":"2025-08-19T04:42:23.386Z"}
{"level":"http","message":"➡ GET /login","timestamp":"2025-08-19T04:42:23.405Z"}
{"level":"http","message":"➡ GET /api/sessions/current","timestamp":"2025-08-19T04:42:23.438Z"}
{"level":"http","message":"➡ GET /home","timestamp":"2025-08-19T04:42:24.587Z"}
{"level":"http","message":"➡ GET /api/sessions/current","timestamp":"2025-08-19T04:42:24.628Z"}
{"level":"http","message":"➡ GET /pets","timestamp":"2025-08-19T04:42:25.899Z"}
{"level":"http","message":"➡ GET /login","timestamp":"2025-08-19T04:42:26.909Z"}
{"level":"http","message":"➡ GET /api/sessions/current","timestamp":"2025-08-19T04:42:26.944Z"}
{"level":"http","message":"➡ POST /api/sessions/login","timestamp":"2025-08-19T04:42:30.843Z"}
{"level":"http","message":"➡ GET /home","timestamp":"2025-08-19T04:42:30.916Z"}
{"level":"http","message":"➡ GET /api/sessions/current","timestamp":"2025-08-19T04:42:30.958Z"}
{"level":"http","message":"➡ GET /pets","timestamp":"2025-08-19T04:42:32.098Z"}
{"level":"http","message":"➡ GET /","timestamp":"2025-08-19T04:45:22.901Z"}
{"level":"http","message":"➡ GET /home","timestamp":"2025-08-19T04:45:22.931Z"}
{"level":"http","message":"➡ GET /api/sessions/current","timestamp":"2025-08-19T04:45:23.381Z"}
{"level":"http","message":"➡ GET /home","timestamp":"2025-08-19T04:45:58.071Z"}
{"level":"http","message":"➡ GET /api/sessions/current","timestamp":"2025-08-19T04:45:58.116Z"}
{"level":"http","message":"➡ GET /","timestamp":"2025-08-19T04:46:12.079Z"}
{"level":"http","message":"➡ GET /home","timestamp":"2025-08-19T04:46:12.110Z"}
{"level":"http","message":"➡ GET /api/sessions/current","timestamp":"2025-08-19T04:46:12.240Z"}
{"level":"http","message":"➡ POST /api/sessions/logout","timestamp":"2025-08-19T04:46:15.530Z"}
{"level":"http","message":"➡ GET /login","timestamp":"2025-08-19T04:46:15.553Z"}
{"level":"http","message":"➡ GET /api/sessions/current","timestamp":"2025-08-19T04:46:15.601Z"}
{"level":"http","message":"➡ POST /api/sessions/login","timestamp":"2025-08-19T04:46:20.664Z"}
{"level":"http","message":"➡ GET /home","timestamp":"2025-08-19T04:46:20.742Z"}
{"level":"http","message":"➡ GET /api/sessions/current","timestamp":"2025-08-19T04:46:20.782Z"}
{"level":"http","message":"➡ GET /pets","timestamp":"2025-08-19T04:46:22.208Z"}
{"level":"http","message":"➡ GET /.well-known/appspecific/com.chrome.devtools.json","timestamp":"2025-08-19T04:46:30.965Z"}
{"level":"http","message":"➡ GET /","timestamp":"2025-08-19T04:50:40.960Z"}
{"level":"http","message":"➡ GET /home","timestamp":"2025-08-19T04:50:40.973Z"}
{"level":"http","message":"➡ GET /login","timestamp":"2025-08-19T04:50:42.640Z"}
{"level":"http","message":"➡ POST /api/sessions/login","timestamp":"2025-08-19T04:50:46.035Z"}
{"level":"http","message":"➡ GET /home","timestamp":"2025-08-19T04:50:46.126Z"}
{"level":"http","message":"➡ GET /login","timestamp":"2025-08-19T04:50:52.024Z"}
{"level":"http","message":"➡ POST /api/sessions/login","timestamp":"2025-08-19T04:50:57.681Z"}
{"level":"http","message":"➡ GET /home","timestamp":"2025-08-19T04:50:57.755Z"}
{"level":"http","message":"➡ GET /.well-known/appspecific/com.chrome.devtools.json","timestamp":"2025-08-19T04:51:12.793Z"}
{"level":"http","message":"➡ GET /","timestamp":"2025-08-19T04:54:11.568Z"}
{"level":"http","message":"➡ GET /home","timestamp":"2025-08-19T04:54:11.585Z"}
{"level":"http","message":"➡ GET /login","timestamp":"2025-08-19T04:54:13.155Z"}
{"level":"http","message":"➡ POST /api/sessions/login","timestamp":"2025-08-19T04:54:16.420Z"}
{"level":"http","message":"➡ GET /home","timestamp":"2025-08-19T04:54:16.501Z"}
{"level":"http","message":"➡ GET /","timestamp":"2025-08-19T04:55:02.102Z"}
{"level":"http","message":"➡ GET /home","timestamp":"2025-08-19T04:55:02.126Z"}
{"level":"http","message":"➡ GET /","timestamp":"2025-08-19T05:04:42.406Z"}
{"level":"http","message":"➡ GET /home","timestamp":"2025-08-19T05:04:42.420Z"}
{"level":"http","message":"➡ POST /api/sessions/logout","timestamp":"2025-08-19T05:04:45.268Z"}
{"level":"http","message":"➡ GET /login","timestamp":"2025-08-19T05:04:45.295Z"}
{"level":"http","message":"➡ POST /api/sessions/login","timestamp":"2025-08-19T05:04:53.505Z"}
{"level":"http","message":"➡ GET /home","timestamp":"2025-08-19T05:04:53.582Z"}
{"level":"http","message":"➡ GET /pets","timestamp":"2025-08-19T05:04:57.980Z"}
{"level":"http","message":"➡ GET /","timestamp":"2025-08-19T05:12:47.933Z"}
{"level":"http","message":"➡ GET /home","timestamp":"2025-08-19T05:12:47.952Z"}
{"level":"http","message":"➡ GET /home","timestamp":"2025-08-19T05:13:24.434Z"}
{"level":"http","message":"➡ GET /home","timestamp":"2025-08-19T05:13:29.619Z"}
{"level":"http","message":"➡ GET /home","timestamp":"2025-08-19T05:13:41.004Z"}
{"level":"http","message":"➡ GET /home","timestamp":"2025-08-19T05:13:49.414Z"}
{"level":"http","message":"➡ GET /","timestamp":"2025-08-19T05:15:40.477Z"}
{"level":"http","message":"➡ GET /home","timestamp":"2025-08-19T05:15:40.522Z"}
{"level":"http","message":"➡ GET /","timestamp":"2025-08-19T05:19:21.852Z"}
{"level":"http","message":"➡ GET /home","timestamp":"2025-08-19T05:19:21.883Z"}
{"level":"http","message":"➡ GET /logo.ico","timestamp":"2025-08-19T05:19:22.462Z"}
{"level":"http","message":"➡ GET /static/img/logo-32.png","timestamp":"2025-08-19T05:19:22.494Z"}
{"level":"http","message":"➡ GET /pets","timestamp":"2025-08-19T05:19:26.441Z"}
{"level":"http","message":"➡ GET /home","timestamp":"2025-08-19T05:20:25.152Z"}
